<?xml version="1.0" encoding="UTF-8"?>
<!-- Generated by org.testng.reporters.JUnitReportReporter -->
<testsuite skipped="0" hostname="LAPTOP-ODBHVS06" name="pageobjectmodel.ExeclUtils" tests="1" failures="0" timestamp="2021-02-14T01:42:18 SGT" time="0.452" errors="0">
  <testcase name="getExcelData" time="0.452" classname="pageobjectmodel.ExeclUtils"/>
  <system-out/>
</testsuite> <!-- pageobjectmodel.ExeclUtils -->
