<?xml version="1.0" encoding="UTF-8"?>
<!-- Generated by org.testng.reporters.JUnitReportReporter -->
<testsuite skipped="0" hostname="LAPTOP-ODBHVS06" name="pageobjectmodel.LoginPageTest" tests="1" failures="0" timestamp="2021-02-13T23:59:19 SGT" time="13.341" errors="0">
  <testcase name="loginPage" time="13.341" classname="pageobjectmodel.LoginPageTest"/>
  <system-out/>
</testsuite> <!-- pageobjectmodel.LoginPageTest -->
